0 info it worked if it ends with ok
1 verbose cli [
1 verbose cli   '/usr/bin/node',
1 verbose cli   '/home/shailesh/dev/goal-setter/node_modules/.bin/npm',
1 verbose cli   'start',
1 verbose cli   '--prefix',
1 verbose cli   'frontend'
1 verbose cli ]
2 info using npm@2.15.12
3 info using node@v18.8.0
4 verbose run-script [ 'prestart', 'start', 'poststart' ]
5 info prestart frontend@0.1.0
6 info start frontend@0.1.0
7 verbose unsafe-perm in lifecycle true
8 info frontend@0.1.0 Failed to exec start script
9 verbose stack Error: frontend@0.1.0 start: `react-scripts start`
9 verbose stack Exit status 1
9 verbose stack     at EventEmitter.<anonymous> (/home/shailesh/dev/goal-setter/node_modules/npm/lib/utils/lifecycle.js:217:16)
9 verbose stack     at EventEmitter.emit (node:events:513:28)
9 verbose stack     at ChildProcess.<anonymous> (/home/shailesh/dev/goal-setter/node_modules/npm/lib/utils/spawn.js:24:14)
9 verbose stack     at ChildProcess.emit (node:events:513:28)
9 verbose stack     at maybeClose (node:internal/child_process:1091:16)
9 verbose stack     at ChildProcess._handle.onexit (node:internal/child_process:302:5)
10 verbose pkgid frontend@0.1.0
11 verbose cwd /home/shailesh/dev/goal-setter
12 error Linux 5.15.0-46-generic
13 error argv "/usr/bin/node" "/home/shailesh/dev/goal-setter/node_modules/.bin/npm" "start" "--prefix" "frontend"
14 error node v18.8.0
15 error npm  v2.15.12
16 error code ELIFECYCLE
17 error frontend@0.1.0 start: `react-scripts start`
17 error Exit status 1
18 error Failed at the frontend@0.1.0 start script 'react-scripts start'.
18 error This is most likely a problem with the frontend package,
18 error not with npm itself.
18 error Tell the author that this fails on your system:
18 error     react-scripts start
18 error You can get information on how to open an issue for this project with:
18 error     npm bugs frontend
18 error Or if that isn't available, you can get their info via:
18 error
18 error     npm owner ls frontend
18 error There is likely additional logging output above.
19 verbose exit [ 1, true ]
